nohup: ignoring input
[2023-09-23 15:02:15,809] [INFO] [real_accelerator.py:158:get_accelerator] Setting ds_accelerator to cuda (auto detect)
[2023-09-23 15:02:23,597] [INFO] [real_accelerator.py:158:get_accelerator] Setting ds_accelerator to cuda (auto detect)
Opening /grand/projects/VeloC/am6429/the_pile_bert/07_ss.jsonl
Processed 1000 documents (23.93691736000462 docs/s, 0.14128053602664134 MB/s).
Processed 2000 documents (23.9269631785592 docs/s, 0.16922405724785888 MB/s).
Processed 3000 documents (35.185706665693104 docs/s, 0.23456279869610586 MB/s).
Processed 4000 documents (45.92891900189414 docs/s, 0.2979692583363775 MB/s).
Processed 5000 documents (56.18730840364463 docs/s, 0.36715793481119946 MB/s).
Processed 6000 documents (65.99315901622566 docs/s, 0.4268533354850446 MB/s).
Processed 7000 documents (75.51035454112123 docs/s, 0.4767070732231363 MB/s).
Processed 8000 documents (84.83259158147409 docs/s, 0.5279277335337683 MB/s).
Processed 9000 documents (88.99118552751092 docs/s, 0.54591588777873 MB/s).
Processed 10000 documents (94.97073523839907 docs/s, 0.5817437922736884 MB/s).
Processed 11000 documents (71.66674704398153 docs/s, 0.4480953054722493 MB/s).
Processed 12000 documents (77.45935777245077 docs/s, 0.478339398386111 MB/s).
Processed 13000 documents (73.22205229601305 docs/s, 0.46518327963416 MB/s).
Processed 14000 documents (78.05126367635077 docs/s, 0.49536194084701285 MB/s).
Processed 15000 documents (82.80805623792337 docs/s, 0.5262525301976828 MB/s).
Processed 16000 documents (87.58895862592742 docs/s, 0.5535557024448373 MB/s).
Processed 17000 documents (92.06424204251579 docs/s, 0.5818432081878779 MB/s).
Processed 18000 documents (96.61718039858941 docs/s, 0.6055253913941067 MB/s).
Processed 19000 documents (95.93278182036943 docs/s, 0.6023823179433411 MB/s).
Processed 20000 documents (100.10508338703966 docs/s, 0.6266334863449796 MB/s).
Processed 21000 documents (94.47513725931772 docs/s, 0.586527523387281 MB/s).
Processed 22000 documents (96.0708752188669 docs/s, 0.5992683433960979 MB/s).
Processed 23000 documents (99.6449283673148 docs/s, 0.6218256429468968 MB/s).
Processed 24000 documents (83.56287648124606 docs/s, 0.5248013195788152 MB/s).
Processed 25000 documents (86.52004581634199 docs/s, 0.5411572616714094 MB/s).
Processed 26000 documents (73.1371060252361 docs/s, 0.46374930918330354 MB/s).
Processed 27000 documents (75.55523745457495 docs/s, 0.4768740961827401 MB/s).
Processed 28000 documents (77.98148059198081 docs/s, 0.4901303186638887 MB/s).
Processed 29000 documents (80.24806930842695 docs/s, 0.5110680777343319 MB/s).
Processed 30000 documents (82.61489317557965 docs/s, 0.5256451050847223 MB/s).
Processed 31000 documents (85.01107721655914 docs/s, 0.5374536304474665 MB/s).
Processed 32000 documents (87.2213904272203 docs/s, 0.5539671843894239 MB/s).
Processed 33000 documents (89.50219925744851 docs/s, 0.5673334416879682 MB/s).
Processed 34000 documents (91.77546570169605 docs/s, 0.5834056190686497 MB/s).
Processed 35000 documents (94.10505987187814 docs/s, 0.5947275800781401 MB/s).
Processed 36000 documents (96.26455910589891 docs/s, 0.6094661770656409 MB/s).
Processed 37000 documents (98.56031609121644 docs/s, 0.6197235457825182 MB/s).
Processed 38000 documents (100.6864842669039 docs/s, 0.634708801874476 MB/s).
Processed 39000 documents (102.93246279208718 docs/s, 0.6465213173744109 MB/s).
Processed 40000 documents (98.40946259563582 docs/s, 0.6237918294815071 MB/s).
Processed 41000 documents (100.46036474986977 docs/s, 0.6342459797074338 MB/s).
Processed 42000 documents (102.45718334370603 docs/s, 0.6446761148528293 MB/s).
Processed 43000 documents (104.44620564564042 docs/s, 0.6568254206064048 MB/s).
Processed 44000 documents (106.53906213078054 docs/s, 0.6659966392484149 MB/s).
Processed 45000 documents (96.69843435545614 docs/s, 0.6073932419980753 MB/s).
Processed 46000 documents (98.48919920392738 docs/s, 0.6166109065673495 MB/s).
Processed 47000 documents (100.26478547800359 docs/s, 0.6270551967305008 MB/s).
Processed 48000 documents (102.0420050198461 docs/s, 0.6382441344045698 MB/s).
Processed 49000 documents (103.82337515500865 docs/s, 0.6467724936295668 MB/s).
Processed 50000 documents (85.78980666611857 docs/s, 0.540830633972244 MB/s).
Processed 51000 documents (87.24889670759083 docs/s, 0.5488307763781152 MB/s).
Processed 52000 documents (88.63247096239935 docs/s, 0.5597169396025612 MB/s).
Processed 53000 documents (90.07356929643015 docs/s, 0.5685618125617367 MB/s).
Processed 54000 documents (91.52652176330781 docs/s, 0.5761522070055176 MB/s).
Processed 55000 documents (92.95314624747125 docs/s, 0.5847217502876059 MB/s).
Processed 56000 documents (94.39865568283615 docs/s, 0.5917758164650949 MB/s).
Processed 57000 documents (95.65811479532275 docs/s, 0.6044152045733494 MB/s).
Processed 58000 documents (96.99498016626684 docs/s, 0.6150791857040004 MB/s).
Processed 59000 documents (98.45928216514685 docs/s, 0.6220911976074354 MB/s).
Processed 60000 documents (99.84736874373574 docs/s, 0.6304996471349235 MB/s).
Processed 61000 documents (101.24267914630548 docs/s, 0.638261720822122 MB/s).
Processed 62000 documents (102.65348679291778 docs/s, 0.6451905719079651 MB/s).
Processed 63000 documents (103.99744714300546 docs/s, 0.6533753589026323 MB/s).
Processed 64000 documents (105.39079281081051 docs/s, 0.6604086689823103 MB/s).
Processed 65000 documents (84.95847041017898 docs/s, 0.5438532255088661 MB/s).
Processed 66000 documents (86.04162059594876 docs/s, 0.5512478837846944 MB/s).
Processed 67000 documents (87.07867539466795 docs/s, 0.5587160362093208 MB/s).
Processed 68000 documents (88.22142550658388 docs/s, 0.5639644161451429 MB/s).
Processed 69000 documents (89.2930920168205 docs/s, 0.5706007110413391 MB/s).
Processed 70000 documents (90.4016870605538 docs/s, 0.576625244359067 MB/s).
Processed 71000 documents (91.47187548668586 docs/s, 0.5835405047686757 MB/s).
Processed 72000 documents (92.51651641083554 docs/s, 0.5912277946197362 MB/s).
Processed 73000 documents (93.55533252887808 docs/s, 0.5974677313137707 MB/s).
Processed 74000 documents (94.65669862166608 docs/s, 0.6020339272929158 MB/s).
Processed 75000 documents (95.72806297659403 docs/s, 0.6070702562334913 MB/s).
Processed 76000 documents (96.75337014844098 docs/s, 0.6140483409111641 MB/s).
Processed 77000 documents (97.79065748842245 docs/s, 0.6207050182112656 MB/s).
Processed 78000 documents (98.70819317455886 docs/s, 0.6293772318209037 MB/s).
Processed 79000 documents (99.70964246578237 docs/s, 0.6357353381933977 MB/s).
Processed 80000 documents (100.74613178671606 docs/s, 0.6411131035393314 MB/s).
Processed 81000 documents (101.769487571642 docs/s, 0.6468290354064018 MB/s).
Processed 82000 documents (102.77425474727657 docs/s, 0.6521945731121759 MB/s).
Processed 83000 documents (103.76356881222827 docs/s, 0.6591168699563144 MB/s).
Processed 84000 documents (104.75841834616953 docs/s, 0.6644363619723114 MB/s).
Processed 85000 documents (105.68722864308812 docs/s, 0.6708499107700585 MB/s).
Processed 86000 documents (106.67510412747026 docs/s, 0.6764907725548314 MB/s).
Processed 87000 documents (100.99822715674459 docs/s, 0.6420986658752126 MB/s).
Processed 88000 documents (101.89386932509323 docs/s, 0.6499748288026409 MB/s).
Processed 89000 documents (102.75008173070518 docs/s, 0.657656301912009 MB/s).
Processed 90000 documents (103.69691225182642 docs/s, 0.6633369228637683 MB/s).
Processed 91000 documents (104.65377510007154 docs/s, 0.6684332538798544 MB/s).
Processed 92000 documents (105.6436943275862 docs/s, 0.6731524706251898 MB/s).
Processed 93000 documents (106.55002696586263 docs/s, 0.6787052750888619 MB/s).
Processed 94000 documents (107.48445273265804 docs/s, 0.6845756742959807 MB/s).
Processed 95000 documents (108.42118417165464 docs/s, 0.6894757119152345 MB/s).
Processed 96000 documents (109.40751862455832 docs/s, 0.6942152643676018 MB/s).
Processed 97000 documents (110.3510623725108 docs/s, 0.6994683104351395 MB/s).
Processed 98000 documents (107.2271482767087 docs/s, 0.6807097944117603 MB/s).
Processed 99000 documents (106.81429673794905 docs/s, 0.6777737783805489 MB/s).
Processed 100000 documents (107.74189563616342 docs/s, 0.6820769021189067 MB/s).
Processed 101000 documents (106.13690428319596 docs/s, 0.6730695645949316 MB/s).
Processed 102000 documents (106.99678927305837 docs/s, 0.6775215390335809 MB/s).
Processed 103000 documents (107.86535790609642 docs/s, 0.6826449858704755 MB/s).
Processed 104000 documents (108.71074549250365 docs/s, 0.6877640075169202 MB/s).
Processed 105000 documents (108.44133417493455 docs/s, 0.6858794953877468 MB/s).
Processed 106000 documents (109.24233922793458 docs/s, 0.6908175394490976 MB/s).
Processed 107000 documents (110.10059893308507 docs/s, 0.6950568696474716 MB/s).
Processed 108000 documents (110.98018677366359 docs/s, 0.6992218208809913 MB/s).
Processed 109000 documents (109.88412359813519 docs/s, 0.692730032285811 MB/s).
Processed 110000 documents (110.73874755815496 docs/s, 0.696923185087433 MB/s).
Processed 111000 documents (111.54646361748357 docs/s, 0.7013696498854843 MB/s).
Processed 112000 documents (109.76011498959343 docs/s, 0.6892510553611833 MB/s).
Processed 113000 documents (110.55179169750573 docs/s, 0.6943413123023711 MB/s).
Processed 114000 documents (109.92235815520372 docs/s, 0.6913345094904536 MB/s).
Processed 115000 documents (110.7232042025731 docs/s, 0.6953995343965665 MB/s).
Processed 116000 documents (111.54390965498764 docs/s, 0.6990446814352842 MB/s).
Processed 117000 documents (112.06050539513735 docs/s, 0.7020005797143993 MB/s).
Processed 118000 documents (110.38027665735773 docs/s, 0.6920759441969027 MB/s).
Processed 119000 documents (111.13410843439857 docs/s, 0.6960114629550364 MB/s).
Processed 120000 documents (111.33307232816833 docs/s, 0.6976198132386152 MB/s).
Processed 121000 documents (111.1862410580018 docs/s, 0.6977227677083799 MB/s).
Processed 122000 documents (109.79475680341638 docs/s, 0.6920438435779245 MB/s).
Processed 123000 documents (109.79253715209857 docs/s, 0.6922814911383555 MB/s).
selected_chunk:  [7]
json_file_path: /grand/projects/VeloC/am6429/the_pile_bert/07.jsonl
output_prefix: /grand/projects/VeloC/am6429/the_pile_bert/pile_bert_train_07
os_path_exists: /grand/projects/VeloC/am6429/the_pile_bert/pile_bert_train_07_text_sentence.idx
Starting to preprocess  /grand/projects/VeloC/am6429/the_pile_bert/pile_bert_train_07
Error: chunk 7 preprocessing got error, delete                     incomplete output. If MemoryError appeared, please retry                     with num_workers smaller than 32.
Finished preprocessing chunk 7 in 1207.8303363323212 sec
